<?xml version="1.0" encoding="UTF-8"?>
<!-- Generated by org.testng.reporters.JUnitReportReporter -->
<testsuite skipped="0" hostname="pink" name="com.restful.booker.crudtest.PostTest" tests="2" failures="0" timestamp="2023-08-01T19:47:34 BST" time="1.166" errors="0">
  <testcase name="createBooking" time="0.615" classname="com.restful.booker.crudtest.PostTest"/>
  <system-out/>
  <testcase name="createToken" time="0.551" classname="com.restful.booker.crudtest.PostTest"/>
  <system-out/>
</testsuite> <!-- com.restful.booker.crudtest.PostTest -->
