<?xml version="1.0" encoding="UTF-8"?>
<!-- Generated by org.testng.reporters.JUnitReportReporter -->
<testsuite skipped="0" hostname="pink" name="com.restful.booker.crudtest.DeleteTest" tests="1" failures="0" timestamp="2023-08-01T19:47:34 BST" time="4.675" errors="0">
  <testcase name="getSingleBookingID" time="4.675" classname="com.restful.booker.crudtest.DeleteTest"/>
  <system-out/>
</testsuite> <!-- com.restful.booker.crudtest.DeleteTest -->
