<?xml version="1.0" encoding="UTF-8"?>
<!-- Generated by org.testng.reporters.JUnitReportReporter -->
<testsuite skipped="0" hostname="pink" name="com.restful.booker.crudtest.PutTest" tests="1" failures="0" timestamp="2023-08-01T19:47:34 BST" time="0.518" errors="0">
  <testcase name="updateCurrentBooking" time="0.518" classname="com.restful.booker.crudtest.PutTest"/>
  <system-out/>
</testsuite> <!-- com.restful.booker.crudtest.PutTest -->
