<?xml version="1.0" encoding="UTF-8"?>
<!-- Generated by org.testng.reporters.JUnitReportReporter -->
<testsuite skipped="0" hostname="pink" name="com.restful.booker.AppTest" tests="1" failures="0" timestamp="2023-08-01T19:47:34 BST" time="0.001" errors="0">
  <testcase name="testApp" time="0.001" classname="com.restful.booker.AppTest"/>
  <system-out/>
</testsuite> <!-- com.restful.booker.AppTest -->
